<?xml version="1.0" encoding="utf-8"?><testsuites><testsuite name="pytest" errors="0" failures="0" skipped="0" tests="23" time="14.045" timestamp="2026-01-12T13:02:48.664248" hostname="ubuntu-s-1vcpu-1gb-amd-sgp1-01"><testcase classname="integration.test_recording_submission.TestRecordingSubmissionIntegration" name="test_recording_submission_creates_database_entry" time="0.542" /><testcase classname="integration.test_recording_submission.TestRecordingSubmissionIntegration" name="test_pronunciation_assessment_integration" time="0.395" /><testcase classname="integration.test_recording_submission.TestRecordingSubmissionIntegration" name="test_feedback_generation_integration" time="0.425" /><testcase classname="integration.test_recording_submission.TestRecordingSubmissionIntegration" name="test_complete_submission_flow" time="0.403" /><testcase classname="integration.test_recording_submission.TestMultiTableUpdates" name="test_creates_recording_entry" time="0.388" /><testcase classname="integration.test_recording_submission.TestMultiTableUpdates" name="test_updates_existing_word_assignment" time="0.417" /><testcase classname="integration.test_recording_submission.TestMultiTableUpdates" name="test_creates_new_word_assignment_if_not_exists" time="0.414" /><testcase classname="integration.test_recording_submission.TestMultiTableUpdates" name="test_atomic_transaction_both_tables_updated" time="0.431" /><testcase classname="integration.test_recording_submission.TestMultiTableUpdates" name="test_multiple_submissions_increment_count" time="0.437" /><testcase classname="integration.test_recording_submission.TestProgressCalculationIntegration" name="test_creates_progress_entry_for_first_recording" time="0.403" /><testcase classname="integration.test_recording_submission.TestProgressCalculationIntegration" name="test_updates_existing_progress_entry" time="0.418" /><testcase classname="integration.test_recording_submission.TestProgressCalculationIntegration" name="test_running_average_calculation" time="0.436" /><testcase classname="integration.test_recording_submission.TestProgressCalculationIntegration" name="test_average_score_precision" time="0.417" /><testcase classname="integration.test_word_assignment.TestWordAssignmentDictionaryIntegration" name="test_word_exists_in_dictionary_creates_new" time="0.440" /><testcase classname="integration.test_word_assignment.TestWordAssignmentDictionaryIntegration" name="test_word_exists_in_both_dictionary_and_db_updates" time="0.385" /><testcase classname="integration.test_word_assignment.TestWordAssignmentDictionaryIntegration" name="test_word_not_in_dictionary_rejects" time="0.371" /><testcase classname="integration.test_word_assignment.TestWordAssignmentDictionaryIntegration" name="test_sequential_operations_dictionary_then_database" time="0.442" /><testcase classname="integration.test_word_assignment.TestSubmissionFilteringIntegration" name="test_joins_user_and_recording_data" time="0.762" /><testcase classname="integration.test_word_assignment.TestSubmissionFilteringIntegration" name="test_multiple_students_correct_association" time="1.781" /><testcase classname="integration.test_word_assignment.TestSubmissionFilteringIntegration" name="test_database_join_performance" time="0.771" /><testcase classname="integration.test_word_assignment.TestClassFilteringIntegration" name="test_filter_recordings_by_class" time="1.485" /><testcase classname="integration.test_word_assignment.TestClassFilteringIntegration" name="test_multi_table_join_classes_enrollments_recordings" time="1.197" /><testcase classname="integration.test_word_assignment.TestClassFilteringIntegration" name="test_class_not_owned_by_teacher_returns_404" time="0.763" /></testsuite></testsuites>