<?xml version="1.0" encoding="utf-8"?><testsuites><testsuite name="pytest" errors="0" failures="7" skipped="0" tests="97" time="19.762" timestamp="2026-01-12T13:02:25.243863" hostname="ubuntu-s-1vcpu-1gb-amd-sgp1-01"><testcase classname="unit.test_feedback_service.TestCalculateGrade" name="test_grade_a_plus_lower_boundary" time="0.001" /><testcase classname="unit.test_feedback_service.TestCalculateGrade" name="test_grade_a_plus_upper_boundary" time="0.001" /><testcase classname="unit.test_feedback_service.TestCalculateGrade" name="test_grade_a_plus_mid_range" time="0.001" /><testcase classname="unit.test_feedback_service.TestCalculateGrade" name="test_grade_a_lower_boundary" time="0.001" /><testcase classname="unit.test_feedback_service.TestCalculateGrade" name="test_grade_a_upper_boundary" time="0.001" /><testcase classname="unit.test_feedback_service.TestCalculateGrade" name="test_grade_a_mid_range" time="0.001" /><testcase classname="unit.test_feedback_service.TestCalculateGrade" name="test_grade_a_minus_lower_boundary" time="0.001" /><testcase classname="unit.test_feedback_service.TestCalculateGrade" name="test_grade_a_minus_upper_boundary" time="0.001" /><testcase classname="unit.test_feedback_service.TestCalculateGrade" name="test_grade_b_plus_lower_boundary" time="0.001" /><testcase classname="unit.test_feedback_service.TestCalculateGrade" name="test_grade_b_plus_upper_boundary" time="0.001" /><testcase classname="unit.test_feedback_service.TestCalculateGrade" name="test_grade_b_lower_boundary" time="0.001" /><testcase classname="unit.test_feedback_service.TestCalculateGrade" name="test_grade_b_upper_boundary" time="0.001" /><testcase classname="unit.test_feedback_service.TestCalculateGrade" name="test_grade_b_minus" time="0.001" /><testcase classname="unit.test_feedback_service.TestCalculateGrade" name="test_grade_c_plus" time="0.001" /><testcase classname="unit.test_feedback_service.TestCalculateGrade" name="test_grade_c" time="0.001" /><testcase classname="unit.test_feedback_service.TestCalculateGrade" name="test_grade_c_minus" time="0.001" /><testcase classname="unit.test_feedback_service.TestCalculateGrade" name="test_grade_d_lower_boundary" time="0.001" /><testcase classname="unit.test_feedback_service.TestCalculateGrade" name="test_grade_d_upper_boundary" time="0.001" /><testcase classname="unit.test_feedback_service.TestCalculateGrade" name="test_grade_f_just_below_d" time="0.001" /><testcase classname="unit.test_feedback_service.TestCalculateGrade" name="test_grade_f_very_low" time="0.001" /><testcase classname="unit.test_feedback_service.TestCalculateGrade" name="test_grade_boundary_transitions" time="0.001" /><testcase classname="unit.test_feedback_service.TestAnalyzePhonemes" name="test_no_phoneme_data_no_words" time="0.001" /><testcase classname="unit.test_feedback_service.TestAnalyzePhonemes" name="test_no_phoneme_data_missing_words_key" time="0.001" /><testcase classname="unit.test_feedback_service.TestAnalyzePhonemes" name="test_no_phoneme_data_in_words" time="0.001" /><testcase classname="unit.test_feedback_service.TestAnalyzePhonemes" name="test_all_good_phoneme_scores" time="0.001" /><testcase classname="unit.test_feedback_service.TestAnalyzePhonemes" name="test_some_poor_phoneme_scores" time="0.001" /><testcase classname="unit.test_feedback_service.TestAnalyzePhonemes" name="test_many_poor_phonemes_limits_to_three" time="0.001" /><testcase classname="unit.test_feedback_service.TestAnalyzePhonemes" name="test_phoneme_at_exact_threshold" time="0.001" /><testcase classname="unit.test_feedback_service.TestAnalyzePhonemes" name="test_missing_phoneme_accuracy_scores" time="0.001" /><testcase classname="unit.test_feedback_service.TestAnalyzePhonemes" name="test_empty_phoneme_text" time="0.001" /><testcase classname="unit.test_feedback_service.TestEnhanceFeedback" name="test_with_teacher_notes_provided" time="0.001" /><testcase classname="unit.test_feedback_service.TestEnhanceFeedback" name="test_with_empty_teacher_notes" time="0.001" /><testcase classname="unit.test_feedback_service.TestEnhanceFeedback" name="test_with_whitespace_only_teacher_notes" time="0.001" /><testcase classname="unit.test_feedback_service.TestEnhanceFeedback" name="test_with_multiline_teacher_notes" time="0.001" /><testcase classname="unit.test_feedback_service.TestEnhanceFeedback" name="test_with_very_long_teacher_notes" time="0.001" /><testcase classname="unit.test_feedback_service.TestGenerateFeedback" name="test_excellent_pronunciation_90_100" time="0.001" /><testcase classname="unit.test_feedback_service.TestGenerateFeedback" name="test_very_good_pronunciation_80_89" time="0.001" /><testcase classname="unit.test_feedback_service.TestGenerateFeedback" name="test_good_pronunciation_70_79" time="0.001" /><testcase classname="unit.test_feedback_service.TestGenerateFeedback" name="test_fair_pronunciation_60_69" time="0.003" /><testcase classname="unit.test_feedback_service.TestGenerateFeedback" name="test_needs_improvement_50_59" time="0.001" /><testcase classname="unit.test_feedback_service.TestGenerateFeedback" name="test_poor_pronunciation_below_50" time="0.001" /><testcase classname="unit.test_feedback_service.TestGenerateFeedback" name="test_missing_assessment_data_empty_dict" time="0.001" /><testcase classname="unit.test_feedback_service.TestGenerateFeedback" name="test_missing_assessment_data_no_score" time="0.001" /><testcase classname="unit.test_feedback_service.TestGenerateFeedback" name="test_feedback_includes_strengths_for_high_scores" time="0.001" /><testcase classname="unit.test_feedback_service.TestGenerateFeedback" name="test_feedback_includes_areas_to_improve_for_low_scores" time="0.001" /><testcase classname="unit.test_feedback_service.TestGenerateFeedback" name="test_feedback_includes_tips_for_different_score_ranges" time="0.001" /><testcase classname="unit.test_pronunciation_service.TestGetMockAssessment" name="test_generates_valid_score_structure" time="0.001" /><testcase classname="unit.test_pronunciation_service.TestGetMockAssessment" name="test_scores_within_valid_range_0_100" time="0.001" /><testcase classname="unit.test_pronunciation_service.TestGetMockAssessment" name="test_scores_within_realistic_range" time="0.001" /><testcase classname="unit.test_pronunciation_service.TestGetMockAssessment" name="test_recognized_text_matches_input" time="0.001" /><testcase classname="unit.test_pronunciation_service.TestGetMockAssessment" name="test_contains_word_assessments" time="0.001" /><testcase classname="unit.test_pronunciation_service.TestGetMockAssessment" name="test_word_assessment_structure" time="0.001" /><testcase classname="unit.test_pronunciation_service.TestGetMockAssessment" name="test_phoneme_assessment_structure" time="0.001" /><testcase classname="unit.test_pronunciation_service.TestGetMockAssessment" name="test_mock_flag_present" time="0.001" /><testcase classname="unit.test_pronunciation_service.TestGetMockAssessment" name="test_handles_multi_word_input" time="0.001" /><testcase classname="unit.test_pronunciation_service.TestGetMockAssessment" name="test_handles_empty_string" time="0.001" /><testcase classname="unit.test_pronunciation_service.TestGetMockAssessment" name="test_handles_special_characters" time="0.001" /><testcase classname="unit.test_pronunciation_service.TestGetMockAssessment" name="test_consistency_of_score_ranges" time="0.002" /><testcase classname="unit.test_pronunciation_service.TestGetMockAssessment" name="test_phoneme_count_reasonable" time="0.001" /><testcase classname="unit.test_pronunciation_service.TestGetMockAssessment" name="test_error_type_in_word_assessment" time="0.001" /><testcase classname="unit.test_pronunciation_service.TestGetMockAssessment" name="test_all_scores_are_numeric" time="0.001" /><testcase classname="unit.test_pronunciation_service.TestConvertToAzureFormat" name="test_already_correct_format" time="0.012" /><testcase classname="unit.test_pronunciation_service.TestConvertToAzureFormat" name="test_needs_sample_rate_conversion" time="0.010"><failure message="assert 44100 == 16000&#10; +  where 44100 = &lt;pydub.audio_segment.AudioSegment object at 0x7b230b1d8f20&gt;.frame_rate">unit/test_pronunciation_service.py:272: in test_needs_sample_rate_conversion
    assert audio.frame_rate == 16000  # Should be converted
E   assert 44100 == 16000
E    +  where 44100 = &lt;pydub.audio_segment.AudioSegment object at 0x7b230b1d8f20&gt;.frame_rate</failure></testcase><testcase classname="unit.test_pronunciation_service.TestConvertToAzureFormat" name="test_needs_channel_conversion_stereo_to_mono" time="0.008"><failure message="assert 2 == 1&#10; +  where 2 = &lt;pydub.audio_segment.AudioSegment object at 0x7b230b1dac60&gt;.channels">unit/test_pronunciation_service.py:295: in test_needs_channel_conversion_stereo_to_mono
    assert audio.channels == 1  # Should be mono
E   assert 2 == 1
E    +  where 2 = &lt;pydub.audio_segment.AudioSegment object at 0x7b230b1dac60&gt;.channels</failure></testcase><testcase classname="unit.test_pronunciation_service.TestConvertToAzureFormat" name="test_needs_bit_depth_conversion" time="0.008"><failure message="assert 1 == 2&#10; +  where 1 = &lt;pydub.audio_segment.AudioSegment object at 0x7b230b1db1a0&gt;.sample_width">unit/test_pronunciation_service.py:318: in test_needs_bit_depth_conversion
    assert audio.sample_width == 2  # Should be 16-bit
E   assert 1 == 2
E    +  where 1 = &lt;pydub.audio_segment.AudioSegment object at 0x7b230b1db1a0&gt;.sample_width</failure></testcase><testcase classname="unit.test_pronunciation_service.TestConvertToAzureFormat" name="test_multiple_conversions_needed" time="0.017"><failure message="assert 48000 == 16000&#10; +  where 48000 = &lt;pydub.audio_segment.AudioSegment object at 0x7b230b1dbe60&gt;.frame_rate">unit/test_pronunciation_service.py:341: in test_multiple_conversions_needed
    assert audio.frame_rate == 16000
E   assert 48000 == 16000
E    +  where 48000 = &lt;pydub.audio_segment.AudioSegment object at 0x7b230b1dbe60&gt;.frame_rate</failure></testcase><testcase classname="unit.test_pronunciation_service.TestConvertToAzureFormat" name="test_creates_temporary_file" time="0.008"><failure message="AssertionError: assert '/tmp/tmpdstp9fng.wav' != '/tmp/tmpdstp9fng.wav'">unit/test_pronunciation_service.py:359: in test_creates_temporary_file
    assert converted_path != input_path
E   AssertionError: assert '/tmp/tmpdstp9fng.wav' != '/tmp/tmpdstp9fng.wav'</failure></testcase><testcase classname="unit.test_pronunciation_service.TestConvertToAzureFormat" name="test_handles_nonexistent_file" time="0.001" /><testcase classname="unit.test_pronunciation_service.TestConvertToAzureFormat" name="test_preserves_audio_content" time="0.008" /><testcase classname="unit.test_security.TestVerifyPassword" name="test_correct_password_returns_true" time="0.707" /><testcase classname="unit.test_security.TestVerifyPassword" name="test_incorrect_password_returns_false" time="0.695" /><testcase classname="unit.test_security.TestVerifyPassword" name="test_password_case_sensitivity" time="1.021" /><testcase classname="unit.test_security.TestVerifyPassword" name="test_password_with_special_characters" time="4.365" /><testcase classname="unit.test_security.TestVerifyPassword" name="test_empty_password" time="0.671" /><testcase classname="unit.test_security.TestVerifyPassword" name="test_password_with_spaces" time="1.339" /><testcase classname="unit.test_security.TestVerifyPassword" name="test_very_long_password" time="0.962" /><testcase classname="unit.test_security.TestVerifyPassword" name="test_unicode_password" time="0.638" /><testcase classname="unit.test_security.TestVerifyPassword" name="test_password_with_only_numbers" time="0.972" /><testcase classname="unit.test_security.TestGetPasswordHash" name="test_generates_valid_hash" time="0.329" /><testcase classname="unit.test_security.TestGetPasswordHash" name="test_hash_can_be_verified" time="0.680" /><testcase classname="unit.test_security.TestGetPasswordHash" name="test_different_hashes_for_same_password" time="1.347" /><testcase classname="unit.test_security.TestGetPasswordHash" name="test_hash_consistency_verification" time="3.722" /><testcase classname="unit.test_security.TestGetPasswordHash" name="test_hash_format" time="0.348" /><testcase classname="unit.test_security.TestGetPasswordHash" name="test_empty_password_hash" time="0.693" /><testcase classname="unit.test_security.TestGetPasswordHash" name="test_long_password_hash" time="0.673" /><testcase classname="unit.test_security.TestCreateAccessToken" name="test_creates_valid_jwt_token" time="0.014" /><testcase classname="unit.test_security.TestCreateAccessToken" name="test_token_contains_correct_user_id" time="0.003" /><testcase classname="unit.test_security.TestCreateAccessToken" name="test_token_contains_expiration" time="0.001" /><testcase classname="unit.test_security.TestCreateAccessToken" name="test_token_can_be_decoded" time="0.001" /><testcase classname="unit.test_security.TestCreateAccessToken" name="test_token_with_custom_expiration" time="0.001" /><testcase classname="unit.test_security.TestCreateAccessToken" name="test_token_with_additional_claims" time="0.001" /><testcase classname="unit.test_security.TestCreateAccessToken" name="test_token_signature_verification" time="0.002"><failure message="AttributeError: module 'jose.jwt' has no attribute 'InvalidSignatureError'. Did you mean: 'ExpiredSignatureError'?">unit/test_security.py:283: in test_token_signature_verification
    with pytest.raises(jwt.InvalidSignatureError):
E   AttributeError: module 'jose.jwt' has no attribute 'InvalidSignatureError'. Did you mean: 'ExpiredSignatureError'?</failure></testcase><testcase classname="unit.test_security.TestCreateAccessToken" name="test_token_algorithm_verification" time="0.002"><failure message="AttributeError: module 'jose.jwt' has no attribute 'InvalidAlgorithmError'">../backend/venv/lib/python3.12/site-packages/jose/jwt.py:142: in decode
    payload = jws.verify(token, key, algorithms, verify=verify_signature)
../backend/venv/lib/python3.12/site-packages/jose/jws.py:73: in verify
    _verify_signature(signing_input, header, signature, key, algorithms)
../backend/venv/lib/python3.12/site-packages/jose/jws.py:257: in _verify_signature
    raise JWSError("The specified alg value is not allowed")
E   jose.exceptions.JWSError: The specified alg value is not allowed

During handling of the above exception, another exception occurred:
unit/test_security.py:297: in test_token_algorithm_verification
    jwt.decode(token, settings.SECRET_KEY, algorithms=["HS512"])
../backend/venv/lib/python3.12/site-packages/jose/jwt.py:144: in decode
    raise JWTError(e)
E   jose.exceptions.JWTError: The specified alg value is not allowed

During handling of the above exception, another exception occurred:
unit/test_security.py:301: in test_token_algorithm_verification
    except jwt.InvalidAlgorithmError:
E   AttributeError: module 'jose.jwt' has no attribute 'InvalidAlgorithmError'</failure></testcase><testcase classname="unit.test_security.TestCreateAccessToken" name="test_different_users_get_different_tokens" time="0.002" /><testcase classname="unit.test_security.TestCreateAccessToken" name="test_token_header_structure" time="0.001" /><testcase classname="unit.test_security.TestCreateAccessToken" name="test_token_expiration_default" time="0.001" /><testcase classname="unit.test_security.TestCreateAccessToken" name="test_expired_token_detection" time="0.001" /></testsuite></testsuites>